<?xml version="1.0" encoding="UTF-8"?>
<Site BuildName="(empty)"
	BuildStamp="20220319-0641-Experimental"
	Name="(empty)"
	Generator="ctest-3.22.3"
	CompilerName=""
	CompilerVersion=""
	OSName="Linux"
	Hostname="chandan"
	OSRelease="5.16.15-arch1-1"
	OSVersion="#1 SMP PREEMPT Thu, 17 Mar 2022 00:30:09 +0000"
	OSPlatform="x86_64"
	Is64Bits="1"
	VendorString="GenuineIntel"
	VendorID="Intel Corporation"
	FamilyID="6"
	ModelID="23"
	ProcessorCacheSize="1024"
	NumberOfLogicalCPU="2"
	NumberOfPhysicalCPU="2"
	TotalVirtualMemory="2047"
	TotalPhysicalMemory="2912"
	LogicalProcessorsPerPhysical="1"
	ProcessorClockFrequency="1596.15"
	>
	<Testing>
		<StartDateTime>Mar 19 12:26 +0545</StartDateTime>
		<StartTestTime>1647672070</StartTestTime>
		<TestList/>
		<EndDateTime>Mar 19 12:26 +0545</EndDateTime>
		<EndTestTime>1647672070</EndTestTime>
		<ElapsedMinutes>0</ElapsedMinutes>
	</Testing>
</Site>
